0 info it worked if it ends with ok
1 verbose cli [ 'c:\\Program Files\\nodejs\\node.exe',
1 verbose cli   'c:\\Program Files\\nodejs\\node_modules\\npm\\bin\\npm-cli.js',
1 verbose cli   'install',
1 verbose cli   '-g',
1 verbose cli   'https://github.com/MarcelLab/node-tinypng.git' ]
2 info using npm@1.3.24
3 info using node@v0.10.25
4 verbose cache add [ 'https://github.com/MarcelLab/node-tinypng.git', null ]
5 verbose cache add name=undefined spec="https://github.com/MarcelLab/node-tinypng.git" args=["https://github.com/MarcelLab/node-tinypng.git",null]
6 verbose parsed url { protocol: 'https:',
6 verbose parsed url   slashes: true,
6 verbose parsed url   auth: null,
6 verbose parsed url   host: 'github.com',
6 verbose parsed url   port: null,
6 verbose parsed url   hostname: 'github.com',
6 verbose parsed url   hash: null,
6 verbose parsed url   search: null,
6 verbose parsed url   query: null,
6 verbose parsed url   pathname: '/MarcelLab/node-tinypng.git',
6 verbose parsed url   path: '/MarcelLab/node-tinypng.git',
6 verbose parsed url   href: 'https://github.com/MarcelLab/node-tinypng.git' }
7 silly lockFile 62c3dc2f-b-com-MarcelLab-node-tinypng-git https://github.com/MarcelLab/node-tinypng.git
8 verbose lock https://github.com/MarcelLab/node-tinypng.git C:\Users\lgabarre\AppData\Roaming\npm-cache\62c3dc2f-b-com-MarcelLab-node-tinypng-git.lock
9 verbose addRemoteTarball [ 'https://github.com/MarcelLab/node-tinypng.git', null ]
10 info retry fetch attempt 1 at 13:36:21
11 verbose fetch to= C:\Users\lgabarre\AppData\Local\Temp\npm-7824-y1FsLcvY\1393936581500-0.6974628602620214\tmp.tgz
12 http GET https://github.com/MarcelLab/node-tinypng.git
13 http 200 https://github.com/MarcelLab/node-tinypng.git
14 verbose tar unpack C:\Users\lgabarre\AppData\Local\Temp\npm-7824-y1FsLcvY\1393936581500-0.6974628602620214\tmp.tgz
15 silly lockFile f8aec64e-81500-0-6974628602620214-package tar://C:\Users\lgabarre\AppData\Local\Temp\npm-7824-y1FsLcvY\1393936581500-0.6974628602620214\package
16 verbose lock tar://C:\Users\lgabarre\AppData\Local\Temp\npm-7824-y1FsLcvY\1393936581500-0.6974628602620214\package C:\Users\lgabarre\AppData\Roaming\npm-cache\f8aec64e-81500-0-6974628602620214-package.lock
17 silly lockFile 7788605a-81500-0-6974628602620214-tmp-tgz tar://C:\Users\lgabarre\AppData\Local\Temp\npm-7824-y1FsLcvY\1393936581500-0.6974628602620214\tmp.tgz
18 verbose lock tar://C:\Users\lgabarre\AppData\Local\Temp\npm-7824-y1FsLcvY\1393936581500-0.6974628602620214\tmp.tgz C:\Users\lgabarre\AppData\Roaming\npm-cache\7788605a-81500-0-6974628602620214-tmp-tgz.lock
19 silly gunzTarPerm modes [ '755', '644' ]
20 error not a package C:\Users\lgabarre\AppData\Local\Temp\npm-7824-y1FsLcvY\1393936581500-0.6974628602620214\tmp.tgz
21 silly lockFile f8aec64e-81500-0-6974628602620214-package tar://C:\Users\lgabarre\AppData\Local\Temp\npm-7824-y1FsLcvY\1393936581500-0.6974628602620214\package
22 silly lockFile f8aec64e-81500-0-6974628602620214-package tar://C:\Users\lgabarre\AppData\Local\Temp\npm-7824-y1FsLcvY\1393936581500-0.6974628602620214\package
23 silly lockFile 7788605a-81500-0-6974628602620214-tmp-tgz tar://C:\Users\lgabarre\AppData\Local\Temp\npm-7824-y1FsLcvY\1393936581500-0.6974628602620214\tmp.tgz
24 silly lockFile 7788605a-81500-0-6974628602620214-tmp-tgz tar://C:\Users\lgabarre\AppData\Local\Temp\npm-7824-y1FsLcvY\1393936581500-0.6974628602620214\tmp.tgz
25 silly lockFile 62c3dc2f-b-com-MarcelLab-node-tinypng-git https://github.com/MarcelLab/node-tinypng.git
26 silly lockFile 62c3dc2f-b-com-MarcelLab-node-tinypng-git https://github.com/MarcelLab/node-tinypng.git
27 error Error: ENOENT, open 'C:\Users\lgabarre\AppData\Local\Temp\npm-7824-y1FsLcvY\1393936581500-0.6974628602620214\package\package.json'
28 error If you need help, you may report this *entire* log,
28 error including the npm and node versions, at:
28 error     <http://github.com/isaacs/npm/issues>
29 error System Windows_NT 6.1.7601
30 error command "c:\\Program Files\\nodejs\\node.exe" "c:\\Program Files\\nodejs\\node_modules\\npm\\bin\\npm-cli.js" "install" "-g" "https://github.com/MarcelLab/node-tinypng.git"
31 error cwd c:\wamp\www\_node\tinypng
32 error node -v v0.10.25
33 error npm -v 1.3.24
34 error path C:\Users\lgabarre\AppData\Local\Temp\npm-7824-y1FsLcvY\1393936581500-0.6974628602620214\package\package.json
35 error code ENOENT
36 error errno 34
37 verbose exit [ 34, true ]
